app/build/outputs/mapping/release/seeds.txt
com.guepardodelivery.entregador.DelegationService
com.guepardodelivery.entregador.Application
com.guepardodelivery.entregador.MainActivity
com.guepardodelivery.entregador.SetDriverActivity
com.guepardodelivery.entregador.FloatingBubbleService
com.guepardodelivery.entregador.Application: Application()
com.guepardodelivery.entregador.FloatingBubbleService: FloatingBubbleService()
com.guepardodelivery.entregador.SetDriverActivity: SetDriverActivity()
com.guepardodelivery.entregador.DelegationService: DelegationService()
com.guepardodelivery.entregador.MainActivity: MainActivity()
...
androidx.vectordrawable.graphics.drawable.VectorDrawableCompat$VGroup: float getScaleX()
androidx.core.app.NotificationManagerCompat$Api26Impl: java.lang.String getId(android.app.NotificationChannel)
androidx.core.view.WindowInsetsCompat$Impl20: WindowInsetsCompat$Impl20(androidx.core.view.WindowInsetsCompat,androidx.core.view.WindowInsetsCompat$Impl20)
androidx.core.app.RemoteInput$Api26Impl: java.util.Set getAllowedDataTypes(java.lang.Object)
androidx.core.widget.NestedScrollView: float getVerticalScrollFactorCompat()
androidx.appcompat.widget.Toolbar: void setContentInsetStartWithNavigation(int)
androidx.vectordrawable.graphics.drawable.VectorDrawableCompat$VFullPath: float getStrokeAlpha()
androidx.core.widget.TextViewCompat$Api23Impl: int getBreakStrategy(android.widget.TextView)
androidx.core.view.MenuItemCompat$Api26Impl: android.graphics.PorterDuff$Mode getIconTintMode(android.view.MenuItem)
androidx.core.view.accessibility.AccessibilityNodeInfoCompat$Api34Impl: boolean hasRequestInitialAccessibilityFocus(android.view.accessibility.AccessibilityNodeInfo)
androidx.core.view.accessibility.AccessibilityNodeInfoCompat$Api33Impl: android.view.accessibility.AccessibilityNodeInfo$ExtraRenderingInfo getExtraRenderingInfo(android.view.accessibility.AccessibilityNodeInfo)
androidx.appcompat.widget.Toolbar: android.view.View getNavButtonView()
androidx.appcompat.view.menu.ActionMenuItemView: androidx.appcompat.view.menu.MenuItemImpl getItemData()
androidx.core.content.res.ResourcesCompat$Api21Impl: android.graphics.drawable.Drawable getDrawable(android.content.res.Resources,int,android.content.res.Resources$Theme)
androidx.core.view.ViewCompat$Api28Impl: void setAutofillId(android.view.View,androidx.core.view.autofill.AutofillIdCompat)
androidx.core.view.ViewConfigurationCompat$Api28Impl: int getScaledHoverSlop(android.view.ViewConfiguration)
androidx.appcompat.widget.Toolbar: void setOnMenuItemClickListener(androidx.appcompat.widget.Toolbar$OnMenuItemClickListener)
androidx.core.app.NotificationCompatBuilder$Api20Impl: android.app.Notification$Builder setGroup(android.app.Notification$Builder,java.lang.String)
androidx.appcompat.widget.Toolbar: void setTitleTextColor(android.content.res.ColorStateList)
androidx.core.content.ContextCompat$Api21Impl: java.io.File getCodeCacheDir(android.content.Context)
androidx.core.os.ConfigurationCompat$Api24Impl: android.os.LocaleList getLocales(android.content.res.Configuration)
androidx.vectordrawable.graphics.drawable.VectorDrawableCompat$VPathRenderer: int getRootAlpha()
androidx.vectordrawable.graphics.drawable.VectorDrawableCompat$VGroup: void setTranslateX(float)
androidx.core.app.NotificationManagerCompat$Api26Impl: java.util.List getNotificationChannelGroups(android.app.NotificationManager)
androidx.appcompat.widget.LinearLayoutCompat: int getBaselineAlignedChildIndex()
androidx.core.graphics.drawable.IconCompatParcelizer: void write(androidx.core.graphics.drawable.IconCompat,androidx.versionedparcelable.VersionedParcel)
androidx.core.view.MenuItemCompat$Api26Impl: android.view.MenuItem setIconTintList(android.view.MenuItem,android.content.res.ColorStateList)
androidx.core.view.DisplayCutoutCompat$Api28Impl: int getSafeInsetTop(android.view.DisplayCutout)
androidx.appcompat.widget.AppCompatTextView: android.view.textclassifier.TextClassifier getTextClassifier()
androidx.core.view.ViewParentCompat$Api21Impl: void onNestedScrollAccepted(android.view.ViewParent,android.view.View,android.view.View,int)
androidx.core.app.NotificationCompatBuilder$Api29Impl: android.app.Notification$Builder setBubbleMetadata(android.app.Notification$Builder,android.app.Notification$BubbleMetadata)
androidx.appcompat.widget.Toolbar: void setPopupTheme(int)
androidx.appcompat.widget.ButtonBarLayout: void setStacked(boolean)
androidx.core.widget.TextViewCompat$Api23Impl: int getHyphenationFrequency(android.widget.TextView)