app/build/outputs/mapping/release/mapping.txt
# compiler: R8
# compiler_version: 8.9.32
# min_api: 21
# common_typos_disable
# {"id":"com.android.tools.r8.mapping","version":"2.2"}
# pg_map_id: 3850726
# pg_map_hash: SHA-256 38507268f96a0166583eb67fd68a4e4bd66dc4362508f20eb870002beb702d48
com.guepardodelivery.entregador.Application -> com.guepardodelivery.entregador.Application:
# {"id":"sourceFile","fileName":"Application.java"}
    boolean isAppInForeground -> a
    1:4:void <init>():18:18 -> <init>
    1:4:void onCreate():26:26 -> onCreate
com.guepardodelivery.entregador.DelegationService -> com.guepardodelivery.entregador.DelegationService:
# {"id":"sourceFile","fileName":"DelegationService.java"}
    1:4:void <init>():7:7 -> <init>
    1:3:void onCreate():11:11 -> onCreate
    4:12:void onCreate():14:14 -> onCreate
com.guepardodelivery.entregador.FloatingBubbleService -> com.guepardodelivery.entregador.FloatingBubbleService:
# {"id":"sourceFile","fileName":"FloatingBubbleService.java"}
    android.view.WindowManager windowManager -> a
    android.widget.FrameLayout rootView -> b
    android.view.WindowManager$LayoutParams windowParams -> c
    android.os.PowerManager$WakeLock wakeLock -> d
    android.view.View statusDot -> e
    android.widget.FrameLayout dismissView -> f
    android.view.WindowManager$LayoutParams dismissParams -> g
    android.view.View dismissCircle -> h
    android.widget.TextView circleText -> i
    android.widget.TextView dismissText -> j
    int initialX -> k
    int initialY -> l
    float initialTouchX -> m
    float initialTouchY -> n
    boolean isDragging -> o
    boolean isNearDismiss -> p
    boolean isDriverOnline -> q
    boolean hasCheckedStatus -> r
    int pollCounter -> s
    java.lang.String lastRingingDeliveryId -> t
    android.os.Handler handler -> u
    java.lang.Runnable checkForegroundRunnable -> v
    1:4:void <init>():32:32 -> <init>
    5:6:void <init>():58:58 -> <init>
    7:8:void <init>():59:59 -> <init>
    9:10:void <init>():62:62 -> <init>
    11:12:void <init>():63:63 -> <init>
    13:15:void <init>():64:64 -> <init>
    16:17:void <init>():65:65 -> <init>
    18:28:void <init>():67:67 -> <init>
    29:36:void <init>():68:68 -> <init>
com.guepardodelivery.entregador.FloatingBubbleService$$ExternalSyntheticApiModelOutline0 -> j0.a:
# {"id":"sourceFile","fileName":"R8$$SyntheticClass"}
# {"id":"com.android.tools.r8.synthesized"}
    1:1:void j0.FloatingBubbleService$$ExternalSyntheticApiModelOutline0.m(com.guepardodelivery.entregador.FloatingBubbleService,int,android.app.Notification,int):0:0 -> a
      # {"id":"com.android.tools.r8.synthesized"}
com.guepardodelivery.entregador.FloatingBubbleService$$ExternalSyntheticApiModelOutline1 -> j0.b:
# {"id":"sourceFile","fileName":"R8$$SyntheticClass"}
# {"id":"com.android.tools.r8.synthesized"}
    1:1:boolean j0.FloatingBubbleService$$ExternalSyntheticApiModelOutline1.m(android.content.Context):0:0 -> a
      # {"id":"com.android.tools.r8.synthesized"}
com.guepardodelivery.entregador.FloatingBubbleService$$ExternalSyntheticApiModelOutline2 -> j0.c:
# {"id":"sourceFile","fileName":"R8$$SyntheticClass"}
# {"id":"com.android.tools.r8.synthesized"}
    1:1:void j0.FloatingBubbleService$$ExternalSyntheticApiModelOutline2.m(android.app.NotificationChannel,java.lang.String):0:0 -> a
      # {"id":"com.android.tools.r8.synthesized"}
com.guepardodelivery.entregador.FloatingBubbleService$$ExternalSyntheticApiModelOutline3 -> j0.d:
# {"id":"sourceFile","fileName":"R8$$SyntheticClass"}
# {"id":"com.android.tools.r8.synthesized"}
    1:1:java.lang.Object j0.FloatingBubbleService$$ExternalSyntheticApiModelOutline3.m(com.guepardodelivery.entregador.FloatingBubbleService,java.lang.Class):0:0 -> a
      # {"id":"com.android.tools.r8.synthesized"}
com.guepardodelivery.entregador.FloatingBubbleService$$ExternalSyntheticApiModelOutline4 -> j0.e:
# {"id":"sourceFile","fileName":"R8$$SyntheticClass"}
# {"id":"com.android.tools.r8.synthesized"}
    1:1:android.app.Notification$Builder j0.FloatingBubbleService$$ExternalSyntheticApiModelOutline4.m(android.content.Context,java.lang.String):0:0 -> a
      # {"id":"com.android.tools.r8.synthesized"}
...
androidx.browser.customtabs.CustomTabsClient -> m.c:
# {"id":"sourceFile","fileName":"CustomTabsClient.java"}
    android.support.customtabs.ICustomTabsService mService -> a
      # {"id":"com.android.tools.r8.residualsignature","signature":"La/b;"}
    android.content.ComponentName mServiceComponentName -> b
    android.content.Context mApplicationContext -> c
    1:3:void <init>(android.support.customtabs.ICustomTabsService,android.content.ComponentName,android.content.Context):64:64 -> <init>
      # {"id":"com.android.tools.r8.residualsignature","signature":"(La/b;Landroid/content/ComponentName;Landroid/content/Context;)V"}
    4:5:void <init>(android.support.customtabs.ICustomTabsService,android.content.ComponentName,android.content.Context):65:65 -> <init>
    6:7:void <init>(android.support.customtabs.ICustomTabsService,android.content.ComponentName,android.content.Context):66:66 -> <init>
    8:10:void <init>(android.support.customtabs.ICustomTabsService,android.content.ComponentName,android.content.Context):67:67 -> <init>
    1:7:boolean bindCustomTabsService(android.content.Context,java.lang.String,androidx.browser.customtabs.CustomTabsServiceConnection):84:84 -> a
      # {"id":"com.android.tools.r8.residualsignature","signature":"(Landroid/content/Context;Ljava/lang/String;Lm/e;)Z"}
    8:14:boolean bindCustomTabsService(android.content.Context,java.lang.String,androidx.browser.customtabs.CustomTabsServiceConnection):85:85 -> a
androidx.browser.customtabs.CustomTabsClient$3 -> m.c$a:
# {"id":"sourceFile","fileName":"CustomTabsClient.java"}
    android.os.Handler mHandler -> e
    androidx.browser.customtabs.CustomTabsCallback val$callback -> f
      # {"id":"com.android.tools.r8.residualsignature","signature":"Lm/b;"}
    androidx.browser.customtabs.CustomTabsClient this$0 -> g
      # {"id":"com.android.tools.r8.residualsignature","signature":"Lm/c;"}
    1:7:void <init>(androidx.browser.customtabs.CustomTabsClient,androidx.browser.customtabs.CustomTabsCallback):502:502 -> <init>
      # {"id":"com.android.tools.r8.residualsignature","signature":"(Lm/c;Lm/b;)V"}
    8:19:void <init>(androidx.browser.customtabs.CustomTabsClient,androidx.browser.customtabs.CustomTabsCallback):503:503 -> <init>
    1:5:void onRelationshipValidationResult(int,android.net.Uri,boolean,android.os.Bundle):565:565 -> A
    6:21:void onRelationshipValidationResult(int,android.net.Uri,boolean,android.os.Bundle):566:566 -> A
    1:5:void onWarmupCompleted(android.os.Bundle):591:591 -> D
    6:16:void onWarmupCompleted(android.os.Bundle):592:592 -> D
    1:5:void onMinimized(android.os.Bundle):616:616 -> E
    6:16:void onMinimized(android.os.Bundle):617:617 -> E
    1:5:void onUnminimized(android.os.Bundle):628:628 -> N
    6:16:void onUnminimized(android.os.Bundle):629:629 -> N
    1:5:void onNavigationEvent(int,android.os.Bundle):507:507 -> O
    6:16:void onNavigationEvent(int,android.os.Bundle):508:508 -> O
androidx.browser.customtabs.CustomTabsClient$3$1 -> m.c$a$b:
# {"id":"sourceFile","fileName":"CustomTabsClient.java"}
    int val$navigationEvent -> a
    android.os.Bundle val$extras -> b
    androidx.browser.customtabs.CustomTabsClient$3 this$1 -> c
      # {"id":"com.android.tools.r8.residualsignature","signature":"Lm/c$a;"}
    1:10:void <init>(androidx.browser.customtabs.CustomTabsClient$3,int,android.os.Bundle):508:508 -> <init>
      # {"id":"com.android.tools.r8.residualsignature","signature":"(Lm/c$a;ILandroid/os/Bundle;)V"}
    1:12:void run():511:511 -> run