app/build/outputs/mapping/release/usage.txt
com.guepardodelivery.entregador.FloatingBubbleService:
    private static final java.lang.String CHANNEL_ID
    private static final int NOTIFICATION_ID
com.guepardodelivery.entregador.LauncherActivity$1
com.guepardodelivery.entregador.LauncherActivity$2
com.guepardodelivery.entregador.LauncherActivity$3
com.guepardodelivery.entregador.LauncherActivity$4
com.guepardodelivery.entregador.LauncherActivity:
    private static final int OVERLAY_PERMISSION_REQ_CODE
    private boolean isDialogShowing
    public void <init>()
    static synthetic boolean access$002(com.guepardodelivery.entregador.LauncherActivity,boolean)
    private void checkOverlayPermission()
    private void checkXiaomiPermissions()
    protected android.net.Uri getLaunchingUrl()
    protected void onCreate(android.os.Bundle)
    protected void onResume()
    protected void onStart()
    protected void onStop()
com.guepardodelivery.entregador.MainActivity:
    private static final int FILECHOOSER_RESULTCODE
    private static final int OVERLAY_PERMISSION_REQ_CODE
com.guepardodelivery.entregador.R$bool
com.guepardodelivery.entregador.R$color
com.guepardodelivery.entregador.R$drawable
com.guepardodelivery.entregador.R$id:
    private void <init>()
com.guepardodelivery.entregador.R$integer
com.guepardodelivery.entregador.R$layout:
    private void <init>()
com.guepardodelivery.entregador.R$mipmap
com.guepardodelivery.entregador.R$raw
com.guepardodelivery.entregador.R$string
com.guepardodelivery.entregador.R$xml
com.guepardodelivery.entregador.R
...
androidx.core.os.BundleCompat
androidx.core.os.BundleKt
androidx.core.os.CancellationSignal:
    public java.lang.Object getCancellationSignalObject()
    public boolean isCanceled()
    public void throwIfCanceled()
androidx.core.os.ConfigurationCompat$Api24Impl:
    private void <init>()
androidx.core.os.ConfigurationCompat:
    private void <init>()
    public static void setLocales(android.content.res.Configuration,androidx.core.os.LocaleListCompat)
androidx.core.os.ContinuationOutcomeReceiver
androidx.core.os.EnvironmentCompat$Api21Impl
androidx.core.os.EnvironmentCompat
androidx.core.os.ExecutorCompat$HandlerExecutor
androidx.core.os.ExecutorCompat
androidx.core.os.HandlerCompat$Api28Impl
androidx.core.os.HandlerCompat$Api29Impl
androidx.core.os.HandlerCompat
androidx.core.os.HandlerKt$postAtTime$runnable$1
androidx.core.os.HandlerKt$postDelayed$runnable$1
androidx.core.os.HandlerKt
androidx.core.os.LocaleListCompat$Api21Impl
androidx.core.os.LocaleListCompat$Api24Impl:
    private void <init>()
androidx.core.os.LocaleListCompat:
    public static androidx.core.os.LocaleListCompat forLanguageTags(java.lang.String)
    public static androidx.core.os.LocaleListCompat getAdjustedDefault()
    public static androidx.core.os.LocaleListCompat getDefault()
    public static androidx.core.os.LocaleListCompat getEmptyLocaleList()
    public java.util.Locale getFirstMatch(java.lang.String[])
    public int indexOf(java.util.Locale)
    public boolean isEmpty()
    public static boolean matchesLanguageAndScript(java.util.Locale,java.util.Locale)
    public int size()
    public java.lang.String toLanguageTags()
    public static androidx.core.os.LocaleListCompat wrap(java.lang.Object)
androidx.core.os.LocaleListCompatWrapper$Api21Impl
androidx.core.os.LocaleListCompatWrapper:
    private java.util.Locale computeFirstMatch(java.util.Collection,boolean)
    private int computeFirstMatchIndex(java.util.Collection,boolean)
    private int findFirstMatchIndex(java.util.Locale)
    public java.util.Locale getFirstMatch(java.lang.String[])
    private static java.lang.String getLikelyScript(java.util.Locale)
    public int indexOf(java.util.Locale)
    public boolean isEmpty()
    private static boolean isPseudoLocale(java.util.Locale)
    private static int matchScore(java.util.Locale,java.util.Locale)
    public int size()
    public java.lang.String toLanguageTags()
androidx.core.os.LocaleListInterface:
    public abstract java.util.Locale getFirstMatch(java.lang.String[])
    public abstract int indexOf(java.util.Locale)
    public abstract boolean isEmpty()
    public abstract int size()
    public abstract java.lang.String toLanguageTags()
androidx.core.os.LocaleListPlatformWrapper:
    public java.util.Locale getFirstMatch(java.lang.String[])
    public int indexOf(java.util.Locale)
    public boolean isEmpty()
    public int size()
    public java.lang.String toLanguageTags()
androidx.core.os.MessageCompat$Api22Impl
androidx.core.os.MessageCompat
androidx.core.os.OperationCanceledException
androidx.core.os.OutcomeReceiverKt
androidx.core.os.ParcelCompat$Api29Impl
androidx.core.os.ParcelCompat$Api30Impl
androidx.core.os.ParcelCompat$Api33Impl
androidx.core.os.ParcelCompat
androidx.core.os.ParcelableCompat$ParcelableCompatCreatorHoneycombMR2
androidx.core.os.ParcelableCompat
androidx.core.os.ParcelableCompatCreatorCallbacks
androidx.core.os.PersistableBundleApi21ImplKt
androidx.core.os.PersistableBundleApi22ImplKt
androidx.core.os.PersistableBundleKt
androidx.core.os.ProcessCompat$Api19Impl
androidx.core.os.ProcessCompat$Api24Impl
androidx.core.os.ProcessCompat
androidx.core.os.TraceCompat$Api29Impl
androidx.core.os.TraceCompat:
    private static final java.lang.String TAG
    private void <init>()
    public static void beginAsyncSection(java.lang.String,int)
    public static void endAsyncSection(java.lang.String,int)
    public static boolean isEnabled()
    public static void setCounter(java.lang.String,int)